2025-10-06 21:56:55 [main] DEBUG c.p.Mapper.PetMapper.getPetById - ==>  Preparing: SELECT * FROM pet WHERE id = ?
2025-10-06 21:56:55 [main] DEBUG c.p.Mapper.PetMapper.getPetById - ==> Parameters: 8(Integer)
2025-10-06 21:56:55 [main] DEBUG c.p.Mapper.PetMapper.getPetById - <==      Total: 1
2025-10-06 21:56:55 [main] DEBUG c.p.Mapper.PetMapper.removePet - ==>  Preparing: DELETE FROM pet WHERE id = ?
2025-10-06 21:56:55 [main] DEBUG c.p.Mapper.PetMapper.removePet - ==> Parameters: 8(Integer)
2025-10-06 21:56:55 [main] DEBUG c.p.Mapper.PetMapper.removePet - <==    Updates: 1
2025-10-06 21:58:37 [main] DEBUG c.p.Mapper.PetMapper.addPet - ==>  Preparing: INSERT INTO pet (name, species, age) VALUES (?, ?, ?)
2025-10-06 21:58:37 [main] DEBUG c.p.Mapper.PetMapper.addPet - ==> Parameters: adwd(String), qwdq(String), 1(Integer)
2025-10-06 21:58:37 [main] DEBUG c.p.Mapper.PetMapper.addPet - <==    Updates: 1
2025-10-06 21:58:46 [main] DEBUG c.p.Mapper.PetMapper.getAllPets - ==>  Preparing: select * from pet;
2025-10-06 21:58:46 [main] DEBUG c.p.Mapper.PetMapper.getAllPets - ==> Parameters: 
2025-10-06 21:58:46 [main] DEBUG c.p.Mapper.PetMapper.getAllPets - <==      Total: 5
2025-10-06 22:00:10 [main] DEBUG c.p.Mapper.AdopterMapper.addAdopter - ==>  Preparing: INSERT INTO adopter (name, phone,address,password) VALUES (?, ?,?,?)
2025-10-06 22:00:10 [main] DEBUG c.p.Mapper.AdopterMapper.addAdopter - ==> Parameters: xi(String), 1372387(String), 成都(String), 12345678(String)
2025-10-06 22:00:10 [main] DEBUG c.p.Mapper.AdopterMapper.addAdopter - <==    Updates: 1
2025-10-06 22:00:18 [main] DEBUG c.p.M.AdopterMapper.getAllAdopters - ==>  Preparing: SELECT * FROM adopter;
2025-10-06 22:00:18 [main] DEBUG c.p.M.AdopterMapper.getAllAdopters - ==> Parameters: 
2025-10-06 22:00:18 [main] DEBUG c.p.M.AdopterMapper.getAllAdopters - <==      Total: 2
2025-10-06 22:00:45 [main] DEBUG c.p.M.AdopterMapper.getAdopterById - ==>  Preparing: SELECT * FROM adopter WHERE id = ?
2025-10-06 22:00:45 [main] DEBUG c.p.M.AdopterMapper.getAdopterById - ==> Parameters: 2(Integer)
2025-10-06 22:00:45 [main] DEBUG c.p.M.AdopterMapper.getAdopterById - <==      Total: 1
2025-10-06 22:00:45 [main] DEBUG c.p.M.AdopterMapper.removeAdopter - ==>  Preparing: DELETE FROM adopter WHERE id = ?
2025-10-06 22:00:45 [main] DEBUG c.p.M.AdopterMapper.removeAdopter - ==> Parameters: 2(Integer)
2025-10-06 22:00:45 [main] DEBUG c.p.M.AdopterMapper.removeAdopter - <==    Updates: 1
2025-10-06 22:19:35 [main] DEBUG c.p.Mapper.PetMapper.addPet - ==>  Preparing: INSERT INTO pet (name, species, age) VALUES (?, ?, ?)
2025-10-06 22:19:35 [main] DEBUG c.p.Mapper.PetMapper.addPet - ==> Parameters: mio(String), pepper(String), 11(Integer)
2025-10-06 22:19:35 [main] DEBUG c.p.Mapper.PetMapper.addPet - <==    Updates: 1
2025-10-06 22:23:47 [main] DEBUG c.p.Mapper.PetMapper.getAllPets - ==>  Preparing: select * from pet;
2025-10-06 22:23:47 [main] DEBUG c.p.Mapper.PetMapper.getAllPets - ==> Parameters: 
2025-10-06 22:23:47 [main] DEBUG c.p.Mapper.PetMapper.getAllPets - <==      Total: 6
2025-10-06 22:28:57 [main] DEBUG c.p.Mapper.PetMapper.getAllPets - ==>  Preparing: select * from pet;
2025-10-06 22:28:57 [main] DEBUG c.p.Mapper.PetMapper.getAllPets - ==> Parameters: 
2025-10-06 22:28:57 [main] DEBUG c.p.Mapper.PetMapper.getAllPets - <==      Total: 6
2025-10-06 22:29:14 [main] DEBUG c.p.Mapper.PetMapper.getPetById - ==>  Preparing: SELECT * FROM pet WHERE id = ?
2025-10-06 22:29:14 [main] DEBUG c.p.Mapper.PetMapper.getPetById - ==> Parameters: 11(Integer)
2025-10-06 22:29:14 [main] DEBUG c.p.Mapper.PetMapper.getPetById - <==      Total: 0
2025-10-06 22:29:26 [main] DEBUG c.p.Mapper.PetMapper.getPetById - ==>  Preparing: SELECT * FROM pet WHERE id = ?
2025-10-06 22:29:26 [main] DEBUG c.p.Mapper.PetMapper.getPetById - ==> Parameters: 11(Integer)
2025-10-06 22:29:26 [main] DEBUG c.p.Mapper.PetMapper.getPetById - <==      Total: 0
2025-10-06 22:29:35 [main] DEBUG c.p.M.AdopterMapper.getAdopterById - ==>  Preparing: SELECT * FROM adopter WHERE id = ?
2025-10-06 22:29:35 [main] DEBUG c.p.M.AdopterMapper.getAdopterById - ==> Parameters: 3(Integer)
2025-10-06 22:29:35 [main] DEBUG c.p.M.AdopterMapper.getAdopterById - <==      Total: 0
2025-10-06 22:29:40 [main] DEBUG c.p.M.AdopterMapper.getAdopterById - ==>  Preparing: SELECT * FROM adopter WHERE id = ?
2025-10-06 22:29:40 [main] DEBUG c.p.M.AdopterMapper.getAdopterById - ==> Parameters: 3(Integer)
2025-10-06 22:29:40 [main] DEBUG c.p.M.AdopterMapper.getAdopterById - <==      Total: 0
2025-10-06 22:29:42 [main] DEBUG c.p.M.AdopterMapper.getAllAdopters - ==>  Preparing: SELECT * FROM adopter;
2025-10-06 22:29:42 [main] DEBUG c.p.M.AdopterMapper.getAllAdopters - ==> Parameters: 
2025-10-06 22:29:42 [main] DEBUG c.p.M.AdopterMapper.getAllAdopters - <==      Total: 1
2025-10-06 22:29:47 [main] DEBUG c.p.M.AdopterMapper.getAdopterById - ==>  Preparing: SELECT * FROM adopter WHERE id = ?
2025-10-06 22:29:47 [main] DEBUG c.p.M.AdopterMapper.getAdopterById - ==> Parameters: 2(Integer)
2025-10-06 22:29:47 [main] DEBUG c.p.M.AdopterMapper.getAdopterById - <==      Total: 0
2025-10-06 22:29:58 [main] DEBUG c.p.M.A.getAllAdoptionRecords - ==>  Preparing: select * from adoption_record;
2025-10-06 22:29:58 [main] DEBUG c.p.M.A.getAllAdoptionRecords - ==> Parameters: 
2025-10-06 22:29:58 [main] DEBUG c.p.M.A.getAllAdoptionRecords - <==      Total: 1
2025-10-06 22:30:07 [main] DEBUG c.p.M.A.getAdoptionRecordsByPet - ==>  Preparing: SELECT * FROM adoption_record WHERE pet_id = ?
2025-10-06 22:30:07 [main] DEBUG c.p.M.A.getAdoptionRecordsByPet - ==> Parameters: 7(Integer)
2025-10-06 22:30:07 [main] DEBUG c.p.M.A.getAdoptionRecordsByPet - <==      Total: 1
2025-10-06 22:30:13 [main] DEBUG c.p.M.A.getAdoptionRecordsByPet - ==>  Preparing: SELECT * FROM adoption_record WHERE pet_id = ?
2025-10-06 22:30:13 [main] DEBUG c.p.M.A.getAdoptionRecordsByPet - ==> Parameters: 1(Integer)
2025-10-06 22:30:13 [main] DEBUG c.p.M.A.getAdoptionRecordsByPet - <==      Total: 0
2025-10-06 22:31:00 [main] DEBUG c.p.M.A.getRecordById - ==>  Preparing: SELECT * FROM adoption_record WHERE id = ?
2025-10-06 22:31:00 [main] DEBUG c.p.M.A.getRecordById - ==> Parameters: 2(Integer)
2025-10-06 22:31:00 [main] DEBUG c.p.M.A.getRecordById - <==      Total: 0
2025-10-06 22:42:30 [main] DEBUG c.p.M.A.getAllAdoptionRecords - ==>  Preparing: select * from adoption_record;
2025-10-06 22:42:30 [main] DEBUG c.p.M.A.getAllAdoptionRecords - ==> Parameters: 
2025-10-06 22:42:30 [main] DEBUG c.p.M.A.getAllAdoptionRecords - <==      Total: 1
2025-10-06 22:42:35 [main] DEBUG c.p.M.A.getRecordById - ==>  Preparing: SELECT * FROM adoption_record WHERE id = ?
2025-10-06 22:42:35 [main] DEBUG c.p.M.A.getRecordById - ==> Parameters: 1(Integer)
2025-10-06 22:42:35 [main] DEBUG c.p.M.A.getRecordById - <==      Total: 1
2025-10-06 22:42:44 [main] DEBUG c.p.Mapper.PetMapper.getPetById - ==>  Preparing: SELECT * FROM pet WHERE id = ?
2025-10-06 22:42:44 [main] DEBUG c.p.Mapper.PetMapper.getPetById - ==> Parameters: 7(Integer)
2025-10-06 22:42:44 [main] DEBUG c.p.Mapper.PetMapper.getPetById - <==      Total: 1
2025-10-06 22:42:44 [main] DEBUG c.p.Mapper.PetMapper.updateStatus - ==>  Preparing: UPDATE pet SET adopt_status = ? WHERE id = ?
2025-10-06 22:42:44 [main] DEBUG c.p.Mapper.PetMapper.updateStatus - ==> Parameters: false(Boolean), 7(Integer)
2025-10-06 22:42:44 [main] DEBUG c.p.Mapper.PetMapper.updateStatus - <==    Updates: 1
2025-10-06 22:42:44 [main] DEBUG c.p.M.A.updateRecord - ==>  Preparing: UPDATE adoption_record SET status = ? WHERE id = ?
2025-10-06 22:42:44 [main] DEBUG c.p.M.A.updateRecord - ==> Parameters: CANCELLED(String), 1(Integer)
2025-10-06 22:42:44 [main] DEBUG c.p.M.A.updateRecord - <==    Updates: 1
2025-10-06 22:42:48 [main] DEBUG c.p.M.A.getAllAdoptionRecords - ==>  Preparing: select * from adoption_record;
2025-10-06 22:42:48 [main] DEBUG c.p.M.A.getAllAdoptionRecords - ==> Parameters: 
2025-10-06 22:42:48 [main] DEBUG c.p.M.A.getAllAdoptionRecords - <==      Total: 1
2025-10-06 22:43:01 [main] DEBUG c.p.Mapper.PetMapper.getAllPets - ==>  Preparing: select * from pet;
2025-10-06 22:43:01 [main] DEBUG c.p.Mapper.PetMapper.getAllPets - ==> Parameters: 
2025-10-06 22:43:01 [main] DEBUG c.p.Mapper.PetMapper.getAllPets - <==      Total: 6
